{"name": "Проверка сообщения: Неверная учетная запись или пароль при неуспешной авторизации с неверным паролем", "status": "failed", "statusDetails": {"message": "AssertionError: None\nassert 'Неверная учетная запись или пароль' in 'Bad credentials'", "trace": "browser = <selenium.webdriver.remote.webdriver.WebDriver (session=\"86778e57cb42f80792b37bce4502b4b4\")>, login = 'admin', password = '0000'\n\n    @allure.title('Проверка сообщения: Неверная учетная запись или пароль при неуспешной авторизации с неверным паролем')\n    @allure.severity(allure.severity_level.MINOR)\n    @pytest.mark.parametrize('login, password', [('admin', '0000')])\n    def test_wrong_password(browser, login, password):\n        login_page = ActionLogin(browser)\n        login_page.go_to_site()\n        login_page.enter_login_and_password(login, password)\n        time.sleep(1)\n        login_page = CheckLogin(browser)\n        message = login_page.check_wrong_login_message()\n>       assert 'Неверная учетная запись или пароль' in message, allure.attach(browser.get_screenshot_as_png(), name=\"FAILED\", attachment_type=AttachmentType.PNG)\nE       AssertionError: None\nE       assert 'Неверная учетная запись или пароль' in 'Bad credentials'\n\nTests\\test_autorization.py:20: AssertionError"}, "attachments": [{"name": "FAILED", "source": "b4e46811-c07f-45d1-9c35-4464f353f9d1-attachment.png", "type": "image/png"}], "parameters": [{"name": "login", "value": "'admin'"}, {"name": "password", "value": "'0000'"}], "start": 1654294749227, "stop": 1654294753119, "uuid": "07cfe3ff-3123-41ba-b83a-aaba2b0810d3", "historyId": "8c418c23e27a0e242f3b799639964abd", "testCaseId": "16aefd9712af9e4e716d657526201874", "fullName": "Tests.test_autorization#test_wrong_password", "labels": [{"name": "severity", "value": "minor"}, {"name": "parentSuite", "value": "Tests"}, {"name": "suite", "value": "test_autorization"}, {"name": "host", "value": "DESKTOP-13RCMAF"}, {"name": "thread", "value": "8112-MainThread"}, {"name": "framework", "value": "pytest"}, {"name": "language", "value": "cpython3"}, {"name": "package", "value": "Tests.test_autorization"}]}