{"name": "Отправка схемой push и проверка статуса на странице сообщений", "status": "broken", "statusDetails": {"message": "selenium.common.exceptions.TimeoutException: Message: None\nStacktrace:\nWebDriverError@chrome://remote/content/shared/webdriver/Errors.jsm:181:5\nNoSuchElementError@chrome://remote/content/shared/webdriver/Errors.jsm:393:5\nelement.find/</<@chrome://remote/content/marionette/element.js:305:16", "trace": "self = <pages.DataMessagesPage.CheckDataMessages object at 0x00000262D8155DB0>, locator = ('css selector', '#messages > tbody > tr:nth-child(1) > td:nth-child(6) > a'), time = 2\n\n    def find_element(self, locator, time=2):\n        try:\n>           return WebDriverWait(self.driver, time).until(expected_conditions.presence_of_element_located(locator))\n\npages\\BaseApp.py:14: \n_ _ _ _ _ _ _ _ _ _ _ _ _ _ _ _ _ _ _ _ _ _ _ _ _ _ _ _ _ _ _ _ _ _ _ _ _ _ _ _ _ _ _ _ _ _ _ _ _ _ _ _ _ _ _ _ _ _ _ _ _ _ _ _ _ _ _ _ _ _ _ _ _ _ _ _ _ _ _ _ _ _ _ _ _ _ _ _ _ _ _ _ _ _ _ _ _ _ _ _ _ _ _ _ _ _ _ _ _ _ _ _ _ _ _ _\n\nself = <selenium.webdriver.support.wait.WebDriverWait (session=\"28035c6b-ee52-4276-bbce-c1f2fd272fd9\")>, method = <function presence_of_element_located.<locals>._predicate at 0x00000262D80CCAF0>, message = ''\n\n    def until(self, method, message=''):\n        \"\"\"Calls the method provided with the driver as an argument until the \\\n        return value does not evaluate to ``False``.\n    \n        :param method: callable(WebDriver)\n        :param message: optional message for :exc:`TimeoutException`\n        :returns: the result of the last call to `method`\n        :raises: :exc:`selenium.common.exceptions.TimeoutException` if timeout occurs\n        \"\"\"\n        screen = None\n        stacktrace = None\n    \n        end_time = time.monotonic() + self._timeout\n        while True:\n            try:\n                value = method(self._driver)\n                if value:\n                    return value\n            except InvalidSelectorException as e:\n                raise e\n            except self._ignored_exceptions as exc:\n                screen = getattr(exc, 'screen', None)\n                stacktrace = getattr(exc, 'stacktrace', None)\n            time.sleep(self._poll)\n            if time.monotonic() > end_time:\n                break\n>       raise TimeoutException(message, screen, stacktrace)\nE       selenium.common.exceptions.TimeoutException: Message: \nE       Stacktrace:\nE       WebDriverError@chrome://remote/content/shared/webdriver/Errors.jsm:181:5\nE       NoSuchElementError@chrome://remote/content/shared/webdriver/Errors.jsm:393:5\nE       element.find/</<@chrome://remote/content/marionette/element.js:305:16\n\nvenv\\lib\\site-packages\\selenium\\webdriver\\support\\wait.py:89: TimeoutException\n\nDuring handling of the above exception, another exception occurred:\n\nbrowser = <selenium.webdriver.remote.webdriver.WebDriver (session=\"28035c6b-ee52-4276-bbce-c1f2fd272fd9\")>, title = '!', message = '@', address = '79101234560'\n\n    @allure.title('Отправка схемой push и проверка статуса на странице сообщений')\n    @allure.severity('NORMAL')\n    @pytest.mark.parametrize('title, message, address', [('заголовок', 'сообщение', '79101234567'),\n                                                         ('check', 'mess', '79101234569'),\n                                                         ('!', '@', '79101234560')])\n    def test_send_push_page_data_messages(browser,title, message, address):\n        login_page = ActionLogin(browser)\n        login_page.go_to_site()\n        login_page.authorization()\n        main_page = ActionMain(browser)\n        main_page.open_create_message()\n        message_create_page = ActionMessageCreate(browser)\n        message_create_page.enter_data_message_schema(title, message, address, schema='push')\n        message_create_page = ActionMessageCreateStatus(browser)\n        message_create_page.open_data_messages()\n        data_messages_page = CheckDataMessages(browser)\n>       check = data_messages_page.check_message_status()\n\nTests\\test_send_message.py:80: \n_ _ _ _ _ _ _ _ _ _ _ _ _ _ _ _ _ _ _ _ _ _ _ _ _ _ _ _ _ _ _ _ _ _ _ _ _ _ _ _ _ _ _ _ _ _ _ _ _ _ _ _ _ _ _ _ _ _ _ _ _ _ _ _ _ _ _ _ _ _ _ _ _ _ _ _ _ _ _ _ _ _ _ _ _ _ _ _ _ _ _ _ _ _ _ _ _ _ _ _ _ _ _ _ _ _ _ _ _ _ _ _ _ _ _ _\npages\\DataMessagesPage.py:11: in check_message_status\n    search_message_status = self.find_element(SearchLocators.messages_message_status)\npages\\BaseApp.py:16: in find_element\n    return WebDriverWait(self.driver, time).until(expected_conditions.presence_of_element_located(locator), allure.attach(self.driver.get_screenshot_as_png(), name=f\"{locator} NOT FOUND\", attachment_type=AttachmentType.PNG))\n_ _ _ _ _ _ _ _ _ _ _ _ _ _ _ _ _ _ _ _ _ _ _ _ _ _ _ _ _ _ _ _ _ _ _ _ _ _ _ _ _ _ _ _ _ _ _ _ _ _ _ _ _ _ _ _ _ _ _ _ _ _ _ _ _ _ _ _ _ _ _ _ _ _ _ _ _ _ _ _ _ _ _ _ _ _ _ _ _ _ _ _ _ _ _ _ _ _ _ _ _ _ _ _ _ _ _ _ _ _ _ _ _ _ _ _\n\nself = <selenium.webdriver.support.wait.WebDriverWait (session=\"28035c6b-ee52-4276-bbce-c1f2fd272fd9\")>, method = <function presence_of_element_located.<locals>._predicate at 0x00000262D80CD480>, message = None\n\n    def until(self, method, message=''):\n        \"\"\"Calls the method provided with the driver as an argument until the \\\n        return value does not evaluate to ``False``.\n    \n        :param method: callable(WebDriver)\n        :param message: optional message for :exc:`TimeoutException`\n        :returns: the result of the last call to `method`\n        :raises: :exc:`selenium.common.exceptions.TimeoutException` if timeout occurs\n        \"\"\"\n        screen = None\n        stacktrace = None\n    \n        end_time = time.monotonic() + self._timeout\n        while True:\n            try:\n                value = method(self._driver)\n                if value:\n                    return value\n            except InvalidSelectorException as e:\n                raise e\n            except self._ignored_exceptions as exc:\n                screen = getattr(exc, 'screen', None)\n                stacktrace = getattr(exc, 'stacktrace', None)\n            time.sleep(self._poll)\n            if time.monotonic() > end_time:\n                break\n>       raise TimeoutException(message, screen, stacktrace)\nE       selenium.common.exceptions.TimeoutException: Message: None\nE       Stacktrace:\nE       WebDriverError@chrome://remote/content/shared/webdriver/Errors.jsm:181:5\nE       NoSuchElementError@chrome://remote/content/shared/webdriver/Errors.jsm:393:5\nE       element.find/</<@chrome://remote/content/marionette/element.js:305:16\n\nvenv\\lib\\site-packages\\selenium\\webdriver\\support\\wait.py:89: TimeoutException"}, "attachments": [{"name": "('css selector', '#messages > tbody > tr:nth-child(1) > td:nth-child(6) > a') NOT FOUND", "source": "6a18aaba-b660-416c-91e1-ecf77116747b-attachment.png", "type": "image/png"}], "parameters": [{"name": "title", "value": "'!'"}, {"name": "message", "value": "'@'"}, {"name": "address", "value": "'79101234560'"}], "start": 1654294092975, "stop": 1654294106575, "uuid": "c630957a-d4fa-41ef-8d2b-b2c2f9aef5e0", "historyId": "a2905e54e9415ed0c858a8da934d2ed8", "testCaseId": "cec5ffb32bb3f0b041816e032fb6cea9", "fullName": "Tests.test_send_message#test_send_push_page_data_messages", "labels": [{"name": "severity", "value": "NORMAL"}, {"name": "parentSuite", "value": "Tests"}, {"name": "suite", "value": "test_send_message"}, {"name": "host", "value": "DESKTOP-13RCMAF"}, {"name": "thread", "value": "1660-MainThread"}, {"name": "framework", "value": "pytest"}, {"name": "language", "value": "cpython3"}, {"name": "package", "value": "Tests.test_send_message"}]}